Oct. 24, 2023 11:29:14 PM seedu.duke.commands.IncomeManager execute
INFO: successful parsing of income
Oct. 24, 2023 11:50:58 PM seedu.duke.commands.IncomeManager execute
INFO: successful parsing of income
Oct. 24, 2023 11:52:36 PM seedu.duke.commands.IncomeManager execute
INFO: successful parsing of income
Oct. 24, 2023 11:52:42 PM seedu.duke.commands.IncomeManager execute
INFO: successful parsing of income
Oct. 24, 2023 11:59:51 PM seedu.duke.commands.IncomeManager execute
INFO: successful parsing of income
Oct. 25, 2023 1:04:31 AM seedu.duke.commands.IncomeManager extractIncomeFields
WARNING: Missing or out-of-order fields detected in income details: add income 
Oct. 25, 2023 1:40:42 AM seedu.duke.commands.IncomeManager execute
INFO: successful parsing of income
Oct. 25, 2023 1:41:51 AM seedu.duke.commands.IncomeManager execute
INFO: successful parsing of income
Oct. 25, 2023 1:47:03 AM seedu.duke.commands.IncomeManager execute
INFO: successful parsing of income
Oct. 25, 2023 1:50:51 AM seedu.duke.commands.IncomeManager execute
INFO: successful parsing of income
Oct. 25, 2023 1:51:38 AM seedu.duke.commands.IncomeManager execute
INFO: successful parsing of income
Oct. 25, 2023 1:54:34 AM seedu.duke.commands.IncomeManager execute
INFO: successful parsing of income
Oct. 25, 2023 1:54:51 AM seedu.duke.commands.IncomeManager execute
INFO: successful parsing of income
Oct. 25, 2023 1:57:34 AM seedu.duke.commands.IncomeManager execute
INFO: successful parsing of income
Oct. 25, 2023 1:59:08 AM seedu.duke.commands.IncomeManager execute
INFO: successful parsing of income
Oct. 25, 2023 2:19:29 AM seedu.duke.commands.IncomeManager execute
INFO: successful parsing of income
Oct. 25, 2023 2:25:56 AM seedu.duke.commands.IncomeManager execute
INFO: successful parsing of income
